Using pre-set license
Built from '2020.3/staging' branch; Version is '2020.3.33f1 (915a7af8b0d5) revision 9525882'; Using compiler version '192528614'; Build Type 'Release'
OS: 'Windows 10  (10.0.19044) 64bit Professional' Language: 'en' Physical Memory: 32701 MB
BatchMode: 1, IsHumanControllingUs: 0, StartBugReporterOnCrash: 0, Is64bit: 1, IsPro: 0

COMMAND LINE ARGUMENTS:
E:\UNITY\Installs\2020.3.33f1\Editor\Unity.exe
-adb2
-batchMode
-noUpm
-name
AssetImportWorker0
-projectPath
E:/UNITY/Project/2d Breakout Exercise
-logFile
Logs/AssetImportWorker0.log
-srvPort
53344
Successfully changed project path to: E:/UNITY/Project/2d Breakout Exercise
E:/UNITY/Project/2d Breakout Exercise
Using Asset Import Pipeline V2.
Refreshing native plugins compatible for Editor in 98.91 ms, found 3 plugins.
Preloading 0 native plugins for Editor in 0.00 ms.
Initialize engine version: 2020.3.33f1 (915a7af8b0d5)
[Subsystems] Discovering subsystems at path E:/UNITY/Installs/2020.3.33f1/Editor/Data/Resources/UnitySubsystems
[Subsystems] Discovering subsystems at path E:/UNITY/Project/2d Breakout Exercise/Assets
GfxDevice: creating device client; threaded=0
Direct3D:
    Version:  Direct3D 11.0 [level 11.1]
    Renderer: NVIDIA GeForce GTX 1080 Ti (ID=0x1b06)
    Vendor:   
    VRAM:     11127 MB
    Driver:   27.21.14.6677
Initialize mono
Mono path[0] = 'E:/UNITY/Installs/2020.3.33f1/Editor/Data/Managed'
Mono path[1] = 'E:/UNITY/Installs/2020.3.33f1/Editor/Data/MonoBleedingEdge/lib/mono/unityjit'
Mono config path = 'E:/UNITY/Installs/2020.3.33f1/Editor/Data/MonoBleedingEdge/etc'
Using monoOptions --debugger-agent=transport=dt_socket,embedding=1,server=y,suspend=n,address=127.0.0.1:56468
Begin MonoManager ReloadAssembly
Registering precompiled unity dll's ...
Register platform support module: E:/UNITY/Installs/2020.3.33f1/Editor/Data/PlaybackEngines/WindowsStandaloneSupport/UnityEditor.WindowsStandalone.Extensions.dll
Registered in 0.005823 seconds.
Native extension for WindowsStandalone target not found
Refreshing native plugins compatible for Editor in 100.51 ms, found 3 plugins.
Preloading 0 native plugins for Editor in 0.00 ms.
Mono: successfully reloaded assembly
- Completed reload, in  0.907 seconds
Domain Reload Profiling:
	ReloadAssembly (907ms)
		BeginReloadAssembly (124ms)
			ExecutionOrderSort (0ms)
			DisableScriptedObjects (0ms)
			BackupInstance (0ms)
			ReleaseScriptingObjects (0ms)
			CreateAndSetChildDomain (1ms)
		EndReloadAssembly (664ms)
			LoadAssemblies (117ms)
			RebuildTransferFunctionScriptingTraits (0ms)
			SetupTypeCache (202ms)
			ReleaseScriptCaches (0ms)
			RebuildScriptCaches (36ms)
			SetupLoadedEditorAssemblies (273ms)
				LogAssemblyErrors (0ms)
				InitializePlatformSupportModulesInManaged (6ms)
				SetLoadedEditorAssemblies (0ms)
				RefreshPlugins (101ms)
				BeforeProcessingInitializeOnLoad (19ms)
				ProcessInitializeOnLoadAttributes (110ms)
				ProcessInitializeOnLoadMethodAttributes (37ms)
				AfterProcessingInitializeOnLoad (0ms)
				EditorAssembliesLoaded (0ms)
			ExecutionOrderSort2 (0ms)
			AwakeInstancesAfterBackupRestoration (0ms)
Platform modules already initialized, skipping
Registering precompiled user dll's ...
Registered in 0.009268 seconds.
Begin MonoManager ReloadAssembly
Symbol file LoadedFromMemory doesn't match image E:\UNITY\Project\2d Breakout Exercise\Library\PackageCache\com.unity.collab-proxy@1.15.15\Lib\Editor\PlasticSCM\unityplastic.dll
Native extension for WindowsStandalone target not found
Refreshing native plugins compatible for Editor in 101.33 ms, found 3 plugins.
Preloading 0 native plugins for Editor in 0.00 ms.
Mono: successfully reloaded assembly
- Completed reload, in  1.796 seconds
Domain Reload Profiling:
	ReloadAssembly (1798ms)
		BeginReloadAssembly (239ms)
			ExecutionOrderSort (0ms)
			DisableScriptedObjects (7ms)
			BackupInstance (0ms)
			ReleaseScriptingObjects (0ms)
			CreateAndSetChildDomain (23ms)
		EndReloadAssembly (1450ms)
			LoadAssemblies (195ms)
			RebuildTransferFunctionScriptingTraits (0ms)
			SetupTypeCache (437ms)
			ReleaseScriptCaches (1ms)
			RebuildScriptCaches (74ms)
			SetupLoadedEditorAssemblies (604ms)
				LogAssemblyErrors (0ms)
				InitializePlatformSupportModulesInManaged (5ms)
				SetLoadedEditorAssemblies (0ms)
				RefreshPlugins (101ms)
				BeforeProcessingInitializeOnLoad (178ms)
				ProcessInitializeOnLoadAttributes (272ms)
				ProcessInitializeOnLoadMethodAttributes (26ms)
				AfterProcessingInitializeOnLoad (21ms)
				EditorAssembliesLoaded (0ms)
			ExecutionOrderSort2 (0ms)
			AwakeInstancesAfterBackupRestoration (9ms)
Platform modules already initialized, skipping
========================================================================
Worker process is ready to serve import requests
Launched and connected shader compiler UnityShaderCompiler.exe after 0.15 seconds
Refreshing native plugins compatible for Editor in 1.16 ms, found 3 plugins.
Preloading 0 native plugins for Editor in 0.00 ms.
Unloading 3359 Unused Serialized files (Serialized files now loaded: 0)
System memory in use before: 147.0 MB.
System memory in use after: 147.1 MB.

Unloading 29 unused Assets to reduce memory usage. Loaded Objects now: 3798.
Total: 4.651900 ms (FindLiveObjects: 0.312000 ms CreateObjectMapping: 0.108400 ms MarkObjects: 4.067500 ms  DeleteObjects: 0.162800 ms)

AssetImportParameters requested are different than current active one (requested -> active):
  custom:framework-win-MediaFoundation: 216162199b28c13a410421893ffa2e32 -> 
  custom:video-decoder-ogg-theora: a1e56fd34408186e4bbccfd4996cb3dc -> 
  custom:container-muxer-webm: aa71ff27fc2769a1b78a27578f13a17b -> 
  custom:container-demuxer-webm: 4f35f7cbe854078d1ac9338744f61a02 -> 
  custom:container-demuxer-ogg: 62fdf1f143b41e24485cea50d1cbac27 -> 
  custom:video-encoder-webm-vp8: eb34c28f22e8b96e1ab97ce403110664 -> 
  custom:video-decoder-webm-vp8: 9c59270c3fd7afecdb556c50c9e8de78 -> 
  custom:audio-decoder-ogg-vorbis: bf7c407c2cedff20999df2af8eb42d56 -> 
  custom:audio-encoder-webm-vorbis: bf7c407c2cedff20999df2af8eb42d56 -> 
========================================================================
Received Import Request.
  path: Assets/ImportedStuff/Planets with Space Background in Flat Style/Planets 2.0 Preview/Cream-Violet-Planet.png
  artifactKey: Guid(9e01db602d98aa044bb852288e243f52) Importer(815301076,1909f56bfc062723c751e8b465ee728b)
Start importing Assets/ImportedStuff/Planets with Space Background in Flat Style/Planets 2.0 Preview/Cream-Violet-Planet.png using Guid(9e01db602d98aa044bb852288e243f52) Importer(815301076,1909f56bfc062723c751e8b465ee728b)  -> (artifact id: '9e9875ed98b72e1aa8599fef5417cb02') in 0.255320 seconds 
========================================================================
Received Import Request.
  Time since last request: 0.000335 seconds.
  path: Assets/ImportedStuff/Planets with Space Background in Flat Style/Planets and Background/Water-Planet-wWih-Small-Islands.png
  artifactKey: Guid(0a73328190b6a1b4787cc6921bbe0f94) Importer(815301076,1909f56bfc062723c751e8b465ee728b)
Start importing Assets/ImportedStuff/Planets with Space Background in Flat Style/Planets and Background/Water-Planet-wWih-Small-Islands.png using Guid(0a73328190b6a1b4787cc6921bbe0f94) Importer(815301076,1909f56bfc062723c751e8b465ee728b)  -> (artifact id: 'ebc554b07cad50b8739575985feab347') in 0.073343 seconds 
========================================================================
Received Import Request.
  Time since last request: 0.000243 seconds.
  path: Assets/ImportedStuff/Planets with Space Background in Flat Style/Planets and Background With Shadows/Sand-Planet.png
  artifactKey: Guid(71ac7bd0a112e0445a75d4cf6d697128) Importer(815301076,1909f56bfc062723c751e8b465ee728b)
Start importing Assets/ImportedStuff/Planets with Space Background in Flat Style/Planets and Background With Shadows/Sand-Planet.png using Guid(71ac7bd0a112e0445a75d4cf6d697128) Importer(815301076,1909f56bfc062723c751e8b465ee728b)  -> (artifact id: '4beb35460051d555c6c5c06a8ff34774') in 0.072805 seconds 
========================================================================
Received Import Request.
  Time since last request: 0.000371 seconds.
  path: Assets/ImportedStuff/Planets with Space Background in Flat Style/Planets and Background/Red-Planet-1.png
  artifactKey: Guid(765aab9d7d5f75f478521312f0b8a3dd) Importer(815301076,1909f56bfc062723c751e8b465ee728b)
Start importing Assets/ImportedStuff/Planets with Space Background in Flat Style/Planets and Background/Red-Planet-1.png using Guid(765aab9d7d5f75f478521312f0b8a3dd) Importer(815301076,1909f56bfc062723c751e8b465ee728b)  -> (artifact id: '349c4423634d548aebc928b90a73145b') in 0.020115 seconds 
========================================================================
Received Import Request.
  Time since last request: 0.000229 seconds.
  path: Assets/ImportedStuff/Planets with Space Background in Flat Style/Planets and Background With Shadows/Storm-Planet 1.png
  artifactKey: Guid(ecf7b80712cebd042820b11f9a6f3049) Importer(815301076,1909f56bfc062723c751e8b465ee728b)
Start importing Assets/ImportedStuff/Planets with Space Background in Flat Style/Planets and Background With Shadows/Storm-Planet 1.png using Guid(ecf7b80712cebd042820b11f9a6f3049) Importer(815301076,1909f56bfc062723c751e8b465ee728b)  -> (artifact id: '7be656a924fcabfe7b25e86d9cd282bd') in 0.021447 seconds 
========================================================================
Received Import Request.
  Time since last request: 0.000240 seconds.
  path: Assets/ImportedStuff/Planets with Space Background in Flat Style/Planets and Background/Lava-PLanet.png
  artifactKey: Guid(ddc556a241acd514ba8409f6e064201c) Importer(815301076,1909f56bfc062723c751e8b465ee728b)
Start importing Assets/ImportedStuff/Planets with Space Background in Flat Style/Planets and Background/Lava-PLanet.png using Guid(ddc556a241acd514ba8409f6e064201c) Importer(815301076,1909f56bfc062723c751e8b465ee728b)  -> (artifact id: 'f7d121a09ac3f0ae741e927af599365e') in 0.063765 seconds 
========================================================================
Received Import Request.
  Time since last request: 0.000233 seconds.
  path: Assets/ImportedStuff/Planets with Space Background in Flat Style/Planets and Background/cyan-planet.png
  artifactKey: Guid(1eebe61fa30929248bdcda4d7c3c51ec) Importer(815301076,1909f56bfc062723c751e8b465ee728b)
Start importing Assets/ImportedStuff/Planets with Space Background in Flat Style/Planets and Background/cyan-planet.png using Guid(1eebe61fa30929248bdcda4d7c3c51ec) Importer(815301076,1909f56bfc062723c751e8b465ee728b)  -> (artifact id: '1446f5c3fed1a6d17d66dea1c09f8439') in 0.022253 seconds 
========================================================================
Received Import Request.
  Time since last request: 0.000308 seconds.
  path: Assets/ImportedStuff/Planets with Space Background in Flat Style/Planets and Background/red-planet-sputnik.png
  artifactKey: Guid(de9bd78144a44764f99b085846a2e03a) Importer(815301076,1909f56bfc062723c751e8b465ee728b)
Start importing Assets/ImportedStuff/Planets with Space Background in Flat Style/Planets and Background/red-planet-sputnik.png using Guid(de9bd78144a44764f99b085846a2e03a) Importer(815301076,1909f56bfc062723c751e8b465ee728b)  -> (artifact id: '254cf12c16b56b8f462b0bf4d4e040ba') in 0.021490 seconds 
========================================================================
Received Import Request.
  Time since last request: 0.000299 seconds.
  path: Assets/ImportedStuff/Planets with Space Background in Flat Style/Planets and Background/white-dwarf-star.png
  artifactKey: Guid(a27406c97e517164cbd7003354e6739c) Importer(815301076,1909f56bfc062723c751e8b465ee728b)
Start importing Assets/ImportedStuff/Planets with Space Background in Flat Style/Planets and Background/white-dwarf-star.png using Guid(a27406c97e517164cbd7003354e6739c) Importer(815301076,1909f56bfc062723c751e8b465ee728b)  -> (artifact id: '5db7a406e2b7915a1155152ed90aa2e4') in 0.057764 seconds 
========================================================================
Received Import Request.
  Time since last request: 0.000234 seconds.
  path: Assets/ImportedStuff/Planets with Space Background in Flat Style/Planets and Background/Sun.png
  artifactKey: Guid(d1633d80f997845418c21db664ba138f) Importer(815301076,1909f56bfc062723c751e8b465ee728b)
Start importing Assets/ImportedStuff/Planets with Space Background in Flat Style/Planets and Background/Sun.png using Guid(d1633d80f997845418c21db664ba138f) Importer(815301076,1909f56bfc062723c751e8b465ee728b)  -> (artifact id: '539e6b3b3e42913efcf2ee83d8f63f14') in 0.060868 seconds 
========================================================================
Received Import Request.
  Time since last request: 0.000271 seconds.
  path: Assets/ImportedStuff/Planets with Space Background in Flat Style/Planets and Background With Shadows/red-planet-sputnik.png
  artifactKey: Guid(1869fb7484aa0c143afc697469c77982) Importer(815301076,1909f56bfc062723c751e8b465ee728b)
Start importing Assets/ImportedStuff/Planets with Space Background in Flat Style/Planets and Background With Shadows/red-planet-sputnik.png using Guid(1869fb7484aa0c143afc697469c77982) Importer(815301076,1909f56bfc062723c751e8b465ee728b)  -> (artifact id: '67f6ba2850f02d12caf5209f88530716') in 0.022159 seconds 
========================================================================
Received Import Request.
  Time since last request: 0.000268 seconds.
  path: Assets/ImportedStuff/Planets with Space Background in Flat Style/Planets 2.0 Preview/Frost-Planet.png
  artifactKey: Guid(da11ae7884684ca4c9c59ac186552277) Importer(815301076,1909f56bfc062723c751e8b465ee728b)
Start importing Assets/ImportedStuff/Planets with Space Background in Flat Style/Planets 2.0 Preview/Frost-Planet.png using Guid(da11ae7884684ca4c9c59ac186552277) Importer(815301076,1909f56bfc062723c751e8b465ee728b)  -> (artifact id: '94513436c06225bb63ef1a0e28b082e3') in 0.116065 seconds 
========================================================================
Received Import Request.
  Time since last request: 0.000255 seconds.
  path: Assets/ImportedStuff/Planets with Space Background in Flat Style/Planets and Background With Shadows/Red-Planet-1.png
  artifactKey: Guid(e649371ffe68bfa4c8a5f18c1e0186f3) Importer(815301076,1909f56bfc062723c751e8b465ee728b)
Start importing Assets/ImportedStuff/Planets with Space Background in Flat Style/Planets and Background With Shadows/Red-Planet-1.png using Guid(e649371ffe68bfa4c8a5f18c1e0186f3) Importer(815301076,1909f56bfc062723c751e8b465ee728b)  -> (artifact id: '4ce6e12c27ceb12b1f47fc006f5d568a') in 0.104050 seconds 
========================================================================
Received Import Request.
  Time since last request: 0.000218 seconds.
  path: Assets/ImportedStuff/Planets with Space Background in Flat Style/Planets 2.0 Preview/Red-Lines-PLanet.png
  artifactKey: Guid(9c36c5cd75ed3e04da7144bd01430bf2) Importer(815301076,1909f56bfc062723c751e8b465ee728b)
Start importing Assets/ImportedStuff/Planets with Space Background in Flat Style/Planets 2.0 Preview/Red-Lines-PLanet.png using Guid(9c36c5cd75ed3e04da7144bd01430bf2) Importer(815301076,1909f56bfc062723c751e8b465ee728b)  -> (artifact id: '583bb3c882ec997182aa5dbef21cf0be') in 0.064162 seconds 
========================================================================
Received Import Request.
  Time since last request: 0.000243 seconds.
  path: Assets/ImportedStuff/Planets with Space Background in Flat Style/Planets and Background With Shadows/Dark-PLanet.png
  artifactKey: Guid(2bed99daade80374692348a8299459cb) Importer(815301076,1909f56bfc062723c751e8b465ee728b)
Start importing Assets/ImportedStuff/Planets with Space Background in Flat Style/Planets and Background With Shadows/Dark-PLanet.png using Guid(2bed99daade80374692348a8299459cb) Importer(815301076,1909f56bfc062723c751e8b465ee728b)  -> (artifact id: '63e59901bc34c7000e44d1a818f3d35e') in 0.088506 seconds 
========================================================================
Received Import Request.
  Time since last request: 0.000235 seconds.
  path: Assets/ImportedStuff/Planets with Space Background in Flat Style/Planets and Background With Shadows/Red Lines PLanet.png
  artifactKey: Guid(aff35f74e4d308545a00e273b618c84e) Importer(815301076,1909f56bfc062723c751e8b465ee728b)
Start importing Assets/ImportedStuff/Planets with Space Background in Flat Style/Planets and Background With Shadows/Red Lines PLanet.png using Guid(aff35f74e4d308545a00e273b618c84e) Importer(815301076,1909f56bfc062723c751e8b465ee728b)  -> (artifact id: '7120e435779a52c8556a83d406d0ec3d') in 0.027238 seconds 
========================================================================
Received Import Request.
  Time since last request: 0.000210 seconds.
  path: Assets/ImportedStuff/Planets with Space Background in Flat Style/Planets and Background/Orange-Planet.png
  artifactKey: Guid(8d93f8b646fad08429a3686590a61bf7) Importer(815301076,1909f56bfc062723c751e8b465ee728b)
Start importing Assets/ImportedStuff/Planets with Space Background in Flat Style/Planets and Background/Orange-Planet.png using Guid(8d93f8b646fad08429a3686590a61bf7) Importer(815301076,1909f56bfc062723c751e8b465ee728b)  -> (artifact id: '54ed9481f7ed4be068db0ab51b67602f') in 0.093352 seconds 
========================================================================
Received Import Request.
  Time since last request: 0.000216 seconds.
  path: Assets/ImportedStuff/Planets with Space Background in Flat Style/Planets and Background With Shadows/Water-Planet-wWih-Small-Islands.png
  artifactKey: Guid(5c7b6fcdc51c1ec4eb1e4d66c3943700) Importer(815301076,1909f56bfc062723c751e8b465ee728b)
Start importing Assets/ImportedStuff/Planets with Space Background in Flat Style/Planets and Background With Shadows/Water-Planet-wWih-Small-Islands.png using Guid(5c7b6fcdc51c1ec4eb1e4d66c3943700) Importer(815301076,1909f56bfc062723c751e8b465ee728b)  -> (artifact id: '4148abde064662835991929b1fa5d877') in 0.092173 seconds 
========================================================================
Received Import Request.
  Time since last request: 0.000280 seconds.
  path: Assets/ImportedStuff/Planets with Space Background in Flat Style/Planets and Background/Purple-Planet.png
  artifactKey: Guid(c135213a5c54f2f4984eaa105cc33b20) Importer(815301076,1909f56bfc062723c751e8b465ee728b)
Start importing Assets/ImportedStuff/Planets with Space Background in Flat Style/Planets and Background/Purple-Planet.png using Guid(c135213a5c54f2f4984eaa105cc33b20) Importer(815301076,1909f56bfc062723c751e8b465ee728b)  -> (artifact id: '9f5b33238a082ea1562a4b74e20ddcc9') in 0.061734 seconds 
========================================================================
Received Import Request.
  Time since last request: 0.000289 seconds.
  path: Assets/ImportedStuff/Planets with Space Background in Flat Style/Planets and Background/Red-Planet-With-Ice.png
  artifactKey: Guid(c37b6465dcc722340a3a437ce8dbbe96) Importer(815301076,1909f56bfc062723c751e8b465ee728b)
Start importing Assets/ImportedStuff/Planets with Space Background in Flat Style/Planets and Background/Red-Planet-With-Ice.png using Guid(c37b6465dcc722340a3a437ce8dbbe96) Importer(815301076,1909f56bfc062723c751e8b465ee728b)  -> (artifact id: '21dd1b2f19f777644b32adb5e9e9f3e6') in 0.052188 seconds 
========================================================================
Received Import Request.
  Time since last request: 0.000216 seconds.
  path: Assets/ImportedStuff/Planets with Space Background in Flat Style/Planets and Background With Shadows/cyan-planet.png
  artifactKey: Guid(4f98fdc086f0e534aa159f3230263ec2) Importer(815301076,1909f56bfc062723c751e8b465ee728b)
Start importing Assets/ImportedStuff/Planets with Space Background in Flat Style/Planets and Background With Shadows/cyan-planet.png using Guid(4f98fdc086f0e534aa159f3230263ec2) Importer(815301076,1909f56bfc062723c751e8b465ee728b)  -> (artifact id: 'bd5ebfcd888ff074339894ab989f9f3d') in 0.023004 seconds 
========================================================================
Received Import Request.
  Time since last request: 0.000218 seconds.
  path: Assets/ImportedStuff/Planets with Space Background in Flat Style/Planets and Background/Galaxy.png
  artifactKey: Guid(7d2d52905e45ae247b3390d0f42fdc49) Importer(815301076,1909f56bfc062723c751e8b465ee728b)
Start importing Assets/ImportedStuff/Planets with Space Background in Flat Style/Planets and Background/Galaxy.png using Guid(7d2d52905e45ae247b3390d0f42fdc49) Importer(815301076,1909f56bfc062723c751e8b465ee728b)  -> (artifact id: '5ecea582bf9eddb9cec6054c7a7b3f3b') in 0.022589 seconds 
========================================================================
Received Import Request.
  Time since last request: 0.000289 seconds.
  path: Assets/ImportedStuff/Planets with Space Background in Flat Style/Planets and Background With Shadows/earth.png
  artifactKey: Guid(4dc75a220dfadec47be9a6b70272c152) Importer(815301076,1909f56bfc062723c751e8b465ee728b)
Start importing Assets/ImportedStuff/Planets with Space Background in Flat Style/Planets and Background With Shadows/earth.png using Guid(4dc75a220dfadec47be9a6b70272c152) Importer(815301076,1909f56bfc062723c751e8b465ee728b)  -> (artifact id: 'c5d9c99d0a740ac8b146311a3a0d15d9') in 0.021273 seconds 
========================================================================
Received Import Request.
  Time since last request: 0.000251 seconds.
  path: Assets/ImportedStuff/Planets with Space Background in Flat Style/Planets and Background/Space.png
  artifactKey: Guid(4ecb598b03c4c5b45bea92168edb3474) Importer(815301076,1909f56bfc062723c751e8b465ee728b)
Start importing Assets/ImportedStuff/Planets with Space Background in Flat Style/Planets and Background/Space.png using Guid(4ecb598b03c4c5b45bea92168edb3474) Importer(815301076,1909f56bfc062723c751e8b465ee728b)  -> (artifact id: '6be54d263a5a96b31627d7e3d9bf0d94') in 0.106800 seconds 
========================================================================
Received Import Request.
  Time since last request: 0.000210 seconds.
  path: Assets/ImportedStuff/Planets with Space Background in Flat Style/Planets and Background With Shadows/blue-planet.png
  artifactKey: Guid(7fd37ac138fced546a89a75d728d0710) Importer(815301076,1909f56bfc062723c751e8b465ee728b)
Start importing Assets/ImportedStuff/Planets with Space Background in Flat Style/Planets and Background With Shadows/blue-planet.png using Guid(7fd37ac138fced546a89a75d728d0710) Importer(815301076,1909f56bfc062723c751e8b465ee728b)  -> (artifact id: '3f072900e153dcff3b3b53a12817cdde') in 0.068347 seconds 
========================================================================
Received Import Request.
  Time since last request: 0.000284 seconds.
  path: Assets/ImportedStuff/Planets with Space Background in Flat Style/Planets and Background With Shadows/Orange-Planet.png
  artifactKey: Guid(2ac0db94ff1d5c041bafd13526beb3c4) Importer(815301076,1909f56bfc062723c751e8b465ee728b)
Start importing Assets/ImportedStuff/Planets with Space Background in Flat Style/Planets and Background With Shadows/Orange-Planet.png using Guid(2ac0db94ff1d5c041bafd13526beb3c4) Importer(815301076,1909f56bfc062723c751e8b465ee728b)  -> (artifact id: 'ab8de0309e6c424684c5723a5123ce20') in 0.049947 seconds 
========================================================================
Received Import Request.
  Time since last request: 0.000251 seconds.
  path: Assets/ImportedStuff/Planets with Space Background in Flat Style/Planets and Background/Sand-Planet.png
  artifactKey: Guid(4a868e28be12a6349a2742aa1909ed42) Importer(815301076,1909f56bfc062723c751e8b465ee728b)
Start importing Assets/ImportedStuff/Planets with Space Background in Flat Style/Planets and Background/Sand-Planet.png using Guid(4a868e28be12a6349a2742aa1909ed42) Importer(815301076,1909f56bfc062723c751e8b465ee728b)  -> (artifact id: 'f474480cd0e1a6ad7820d5da032280e2') in 0.054729 seconds 
========================================================================
Received Import Request.
  Time since last request: 0.000261 seconds.
  path: Assets/ImportedStuff/Planets with Space Background in Flat Style/Planets and Background/blue-planet.png
  artifactKey: Guid(8ff5851d96e353540b1e6d34f6dafe7b) Importer(815301076,1909f56bfc062723c751e8b465ee728b)
Start importing Assets/ImportedStuff/Planets with Space Background in Flat Style/Planets and Background/blue-planet.png using Guid(8ff5851d96e353540b1e6d34f6dafe7b) Importer(815301076,1909f56bfc062723c751e8b465ee728b)  -> (artifact id: '89ad3c6f5f094073152b2aaf35a6ce59') in 0.067854 seconds 
========================================================================
Received Import Request.
  Time since last request: 0.000258 seconds.
  path: Assets/ImportedStuff/Planets with Space Background in Flat Style/Planets and Background With Shadows/Purple-Planet.png
  artifactKey: Guid(f61845ff0fcabb149af7e9f6d8b660ea) Importer(815301076,1909f56bfc062723c751e8b465ee728b)
Start importing Assets/ImportedStuff/Planets with Space Background in Flat Style/Planets and Background With Shadows/Purple-Planet.png using Guid(f61845ff0fcabb149af7e9f6d8b660ea) Importer(815301076,1909f56bfc062723c751e8b465ee728b)  -> (artifact id: '3af770717ebb00f5a61f2e49e9ca88e2') in 0.106519 seconds 
========================================================================
Received Import Request.
  Time since last request: 0.000261 seconds.
  path: Assets/ImportedStuff/Planets with Space Background in Flat Style/Planets and Background/Storm-Planet.png
  artifactKey: Guid(01e466e2fb6eea34ea00e20acc789c01) Importer(815301076,1909f56bfc062723c751e8b465ee728b)
Start importing Assets/ImportedStuff/Planets with Space Background in Flat Style/Planets and Background/Storm-Planet.png using Guid(01e466e2fb6eea34ea00e20acc789c01) Importer(815301076,1909f56bfc062723c751e8b465ee728b)  -> (artifact id: '2fd35a48d2e7ac6142bcc7c43bc85ff8') in 0.081477 seconds 
========================================================================
Received Import Request.
  Time since last request: 0.000247 seconds.
  path: Assets/ImportedStuff/Planets with Space Background in Flat Style/Planets 2.0 Preview/cyan-planet.png
  artifactKey: Guid(aa60e8759a614bb45b9bd7678c6094ee) Importer(815301076,1909f56bfc062723c751e8b465ee728b)
Start importing Assets/ImportedStuff/Planets with Space Background in Flat Style/Planets 2.0 Preview/cyan-planet.png using Guid(aa60e8759a614bb45b9bd7678c6094ee) Importer(815301076,1909f56bfc062723c751e8b465ee728b)  -> (artifact id: 'e02a72842dffe3c5a47913e818f4c267') in 0.065763 seconds 
========================================================================
Received Import Request.
  Time since last request: 0.000288 seconds.
  path: Assets/ImportedStuff/Planets with Space Background in Flat Style/Planets and Background/earth-like.png
  artifactKey: Guid(0aab17f474ae0434eb7aff4a29cc0123) Importer(815301076,1909f56bfc062723c751e8b465ee728b)
Start importing Assets/ImportedStuff/Planets with Space Background in Flat Style/Planets and Background/earth-like.png using Guid(0aab17f474ae0434eb7aff4a29cc0123) Importer(815301076,1909f56bfc062723c751e8b465ee728b)  -> (artifact id: 'a1d3c130e7ed5045f05a70abce03a9f6') in 0.037000 seconds 
========================================================================
Received Import Request.
  Time since last request: 0.000179 seconds.
  path: Assets/ImportedStuff/Planets with Space Background in Flat Style/Planets 2.0 Preview/Purple-Planet-wih-Moon.png
  artifactKey: Guid(65688cd761f6d524d85a1890139563d0) Importer(815301076,1909f56bfc062723c751e8b465ee728b)
Start importing Assets/ImportedStuff/Planets with Space Background in Flat Style/Planets 2.0 Preview/Purple-Planet-wih-Moon.png using Guid(65688cd761f6d524d85a1890139563d0) Importer(815301076,1909f56bfc062723c751e8b465ee728b)  -> (artifact id: '304dacc7281967e05fd5bb1800a91e21') in 0.114407 seconds 
========================================================================
Received Import Request.
  Time since last request: 0.000254 seconds.
  path: Assets/ImportedStuff/Planets with Space Background in Flat Style/Planets and Background/Dark-PLanet.png
  artifactKey: Guid(709f6dc460a0f30408be2662721887c0) Importer(815301076,1909f56bfc062723c751e8b465ee728b)
Start importing Assets/ImportedStuff/Planets with Space Background in Flat Style/Planets and Background/Dark-PLanet.png using Guid(709f6dc460a0f30408be2662721887c0) Importer(815301076,1909f56bfc062723c751e8b465ee728b)  -> (artifact id: '845aa1249f9d2d9108806209c1c323b3') in 0.020578 seconds 
========================================================================
Received Import Request.
  Time since last request: 0.000218 seconds.
  path: Assets/ImportedStuff/Planets with Space Background in Flat Style/Planets and Background With Shadows/Ice-Planet.png
  artifactKey: Guid(a11c432b67c633f4dbd20598771446b0) Importer(815301076,1909f56bfc062723c751e8b465ee728b)
Start importing Assets/ImportedStuff/Planets with Space Background in Flat Style/Planets and Background With Shadows/Ice-Planet.png using Guid(a11c432b67c633f4dbd20598771446b0) Importer(815301076,1909f56bfc062723c751e8b465ee728b)  -> (artifact id: '42c7b6d48fc36e906e7e1994dbb2a1c3') in 0.024634 seconds 
========================================================================
Received Import Request.
  Time since last request: 0.000294 seconds.
  path: Assets/ImportedStuff/Planets with Space Background in Flat Style/Planets and Background/Ice-Planet.png
  artifactKey: Guid(ef1bf2ecc16140f4195ed991ac4136c1) Importer(815301076,1909f56bfc062723c751e8b465ee728b)
Start importing Assets/ImportedStuff/Planets with Space Background in Flat Style/Planets and Background/Ice-Planet.png using Guid(ef1bf2ecc16140f4195ed991ac4136c1) Importer(815301076,1909f56bfc062723c751e8b465ee728b)  -> (artifact id: 'd7fbac90e74b4a88e3239641c7eb74f0') in 0.074143 seconds 
========================================================================
Received Import Request.
  Time since last request: 0.000229 seconds.
  path: Assets/ImportedStuff/Planets with Space Background in Flat Style/Planets and Background With Shadows/Red-Planet-With-Ice.png
  artifactKey: Guid(946c2d6c1621c1449b842ae06de460b2) Importer(815301076,1909f56bfc062723c751e8b465ee728b)
Start importing Assets/ImportedStuff/Planets with Space Background in Flat Style/Planets and Background With Shadows/Red-Planet-With-Ice.png using Guid(946c2d6c1621c1449b842ae06de460b2) Importer(815301076,1909f56bfc062723c751e8b465ee728b)  -> (artifact id: '6a424557f7c7d55a9f304a2568af56b2') in 0.100329 seconds 
========================================================================
Received Import Request.
  Time since last request: 38.839135 seconds.
  path: Assets/ImportedStuff/DinV/Dynamic Space Background/Sprites/Nebula Aqua-Pink.png
  artifactKey: Guid(d9b31ebd60af68c469212c1a9f513e74) Importer(815301076,1909f56bfc062723c751e8b465ee728b)
Start importing Assets/ImportedStuff/DinV/Dynamic Space Background/Sprites/Nebula Aqua-Pink.png using Guid(d9b31ebd60af68c469212c1a9f513e74) Importer(815301076,1909f56bfc062723c751e8b465ee728b)  -> (artifact id: 'b6513be92de1b2ad729007e9e558dbe1') in 0.024445 seconds 
========================================================================
Received Import Request.
  Time since last request: 0.000249 seconds.
  path: Assets/ImportedStuff/DinV/Dynamic Space Background/Sprites/Nebula Blue.png
  artifactKey: Guid(ddcac1fac1f5c8943a30c2ef6b724062) Importer(815301076,1909f56bfc062723c751e8b465ee728b)
Start importing Assets/ImportedStuff/DinV/Dynamic Space Background/Sprites/Nebula Blue.png using Guid(ddcac1fac1f5c8943a30c2ef6b724062) Importer(815301076,1909f56bfc062723c751e8b465ee728b)  -> (artifact id: '9fc2e876508d1a166a54791599b29e93') in 0.046872 seconds 
========================================================================
Received Import Request.
  Time since last request: 0.000234 seconds.
  path: Assets/ImportedStuff/DinV/Dynamic Space Background/Sprites/Stars-Big_1.png
  artifactKey: Guid(c6944f9f15bd0ca4087bcdf033f0e162) Importer(815301076,1909f56bfc062723c751e8b465ee728b)
Start importing Assets/ImportedStuff/DinV/Dynamic Space Background/Sprites/Stars-Big_1.png using Guid(c6944f9f15bd0ca4087bcdf033f0e162) Importer(815301076,1909f56bfc062723c751e8b465ee728b)  -> (artifact id: '021d67f69390c6282f21c500b4aec335') in 0.035149 seconds 
========================================================================
Received Import Request.
  Time since last request: 0.000235 seconds.
  path: Assets/ImportedStuff/DinV/Dynamic Space Background/Sprites/Nebula Red.png
  artifactKey: Guid(35313af049b4a2f42a0325330c51d74a) Importer(815301076,1909f56bfc062723c751e8b465ee728b)
Start importing Assets/ImportedStuff/DinV/Dynamic Space Background/Sprites/Nebula Red.png using Guid(35313af049b4a2f42a0325330c51d74a) Importer(815301076,1909f56bfc062723c751e8b465ee728b)  -> (artifact id: 'c7f343e2988fdf0b5cba4244fddffc91') in 0.205094 seconds 
========================================================================
Received Import Request.
  Time since last request: 0.000281 seconds.
  path: Assets/ImportedStuff/DinV/Dynamic Space Background/Sprites/Stars Small_1.png
  artifactKey: Guid(efe6ce32a6a4408489775c70e5d32f11) Importer(815301076,1909f56bfc062723c751e8b465ee728b)
Start importing Assets/ImportedStuff/DinV/Dynamic Space Background/Sprites/Stars Small_1.png using Guid(efe6ce32a6a4408489775c70e5d32f11) Importer(815301076,1909f56bfc062723c751e8b465ee728b)  -> (artifact id: 'c2b057fef3704d5c268781babe99b661') in 0.040451 seconds 
========================================================================
Received Import Request.
  Time since last request: 19.996677 seconds.
  path: Assets/ImportedStuff/TZ_Futuristic Panel Textures Lite/Materials
  artifactKey: Guid(fb3a628927b6e4327b97a5ab0fed2c20) Importer(815301076,1909f56bfc062723c751e8b465ee728b)
Start importing Assets/ImportedStuff/TZ_Futuristic Panel Textures Lite/Materials using Guid(fb3a628927b6e4327b97a5ab0fed2c20) Importer(815301076,1909f56bfc062723c751e8b465ee728b)  -> (artifact id: '2579244353caa44b049ae8d99d887d14') in 0.009749 seconds 
========================================================================
Received Import Request.
  Time since last request: 0.068128 seconds.
  path: Assets/ImportedStuff/TZ_Futuristic Panel Textures Lite/Materials/1panel_braced_B.mat
  artifactKey: Guid(c1857fc7091ac4633a78fe5387c5d66a) Importer(815301076,1909f56bfc062723c751e8b465ee728b)
Start importing Assets/ImportedStuff/TZ_Futuristic Panel Textures Lite/Materials/1panel_braced_B.mat using Guid(c1857fc7091ac4633a78fe5387c5d66a) Importer(815301076,1909f56bfc062723c751e8b465ee728b)  -> (artifact id: '801d25711d687c5ced37f2d06e38c349') in 0.218311 seconds 
========================================================================
Received Import Request.
  Time since last request: 0.000243 seconds.
  path: Assets/ImportedStuff/TZ_Futuristic Panel Textures Lite/Materials/1panel_braced_F.mat
  artifactKey: Guid(1bacd63d7603d41c28d91d689979d21f) Importer(815301076,1909f56bfc062723c751e8b465ee728b)
Start importing Assets/ImportedStuff/TZ_Futuristic Panel Textures Lite/Materials/1panel_braced_F.mat using Guid(1bacd63d7603d41c28d91d689979d21f) Importer(815301076,1909f56bfc062723c751e8b465ee728b)  -> (artifact id: '36c3e682634095d7164eb5ae54001f24') in 0.020581 seconds 
========================================================================
Received Import Request.
  Time since last request: 0.000260 seconds.
  path: Assets/ImportedStuff/TZ_Futuristic Panel Textures Lite/Materials/1panel_braced_D.mat
  artifactKey: Guid(28c4d4343a504460fb156afb9b858311) Importer(815301076,1909f56bfc062723c751e8b465ee728b)
Start importing Assets/ImportedStuff/TZ_Futuristic Panel Textures Lite/Materials/1panel_braced_D.mat using Guid(28c4d4343a504460fb156afb9b858311) Importer(815301076,1909f56bfc062723c751e8b465ee728b)  -> (artifact id: '4ffc404565574af91bcfa8828dc5f40d') in 0.020260 seconds 
========================================================================
Received Import Request.
  Time since last request: 0.000287 seconds.
  path: Assets/ImportedStuff/TZ_Futuristic Panel Textures Lite/Materials/1panel_braced_J.mat
  artifactKey: Guid(fd8fde642a9d6487abdc10c57655af29) Importer(815301076,1909f56bfc062723c751e8b465ee728b)
Start importing Assets/ImportedStuff/TZ_Futuristic Panel Textures Lite/Materials/1panel_braced_J.mat using Guid(fd8fde642a9d6487abdc10c57655af29) Importer(815301076,1909f56bfc062723c751e8b465ee728b)  -> (artifact id: 'db8ddcfc9287f00c560b65bf3db67e5a') in 0.018478 seconds 
========================================================================
Received Import Request.
  Time since last request: 0.000248 seconds.
  path: Assets/ImportedStuff/TZ_Futuristic Panel Textures Lite/Materials/1panel_braced_C.mat
  artifactKey: Guid(de7e32ef6c2e84928aee67cf65292972) Importer(815301076,1909f56bfc062723c751e8b465ee728b)
Start importing Assets/ImportedStuff/TZ_Futuristic Panel Textures Lite/Materials/1panel_braced_C.mat using Guid(de7e32ef6c2e84928aee67cf65292972) Importer(815301076,1909f56bfc062723c751e8b465ee728b)  -> (artifact id: 'dab00a6d8591de9daba4dd92013f4854') in 0.019981 seconds 
========================================================================
Received Import Request.
  Time since last request: 0.000257 seconds.
  path: Assets/ImportedStuff/TZ_Futuristic Panel Textures Lite/Materials/1panel_braced_F_dark2.mat
  artifactKey: Guid(849773bda27814957ae551819bb8884a) Importer(815301076,1909f56bfc062723c751e8b465ee728b)
Start importing Assets/ImportedStuff/TZ_Futuristic Panel Textures Lite/Materials/1panel_braced_F_dark2.mat using Guid(849773bda27814957ae551819bb8884a) Importer(815301076,1909f56bfc062723c751e8b465ee728b)  -> (artifact id: '5379d68c066a303f76846a9de8bdff00') in 0.016276 seconds 
========================================================================
Received Import Request.
  Time since last request: 2.219671 seconds.
  path: Assets/ImportedStuff/TZ_Futuristic Panel Textures Lite/Textures/braced_D.png
  artifactKey: Guid(fef55f71ba2d04a7696bdf812b8e258f) Importer(815301076,1909f56bfc062723c751e8b465ee728b)
Start importing Assets/ImportedStuff/TZ_Futuristic Panel Textures Lite/Textures/braced_D.png using Guid(fef55f71ba2d04a7696bdf812b8e258f) Importer(815301076,1909f56bfc062723c751e8b465ee728b)  -> (artifact id: 'de30f17649aa53c3548256da1ce35591') in 0.016038 seconds 
========================================================================
Received Import Request.
  Time since last request: 0.000262 seconds.
  path: Assets/ImportedStuff/TZ_Futuristic Panel Textures Lite/Textures/vent_circular_A.png
  artifactKey: Guid(ee4bba0af915e43f893a52ae19a3dbca) Importer(815301076,1909f56bfc062723c751e8b465ee728b)
Start importing Assets/ImportedStuff/TZ_Futuristic Panel Textures Lite/Textures/vent_circular_A.png using Guid(ee4bba0af915e43f893a52ae19a3dbca) Importer(815301076,1909f56bfc062723c751e8b465ee728b)  -> (artifact id: '2d5f4ca91643e6ed00e5fa93581677ae') in 0.014999 seconds 
========================================================================
Received Import Request.
  Time since last request: 0.000229 seconds.
  path: Assets/ImportedStuff/TZ_Futuristic Panel Textures Lite/Textures/screw_A.png
  artifactKey: Guid(f34ef2996de8a4ac1aa25421e45dd4e4) Importer(815301076,1909f56bfc062723c751e8b465ee728b)
Start importing Assets/ImportedStuff/TZ_Futuristic Panel Textures Lite/Textures/screw_A.png using Guid(f34ef2996de8a4ac1aa25421e45dd4e4) Importer(815301076,1909f56bfc062723c751e8b465ee728b)  -> (artifact id: 'b457370bd7a50103ccdbaf21af1b7bf1') in 0.015827 seconds 
========================================================================
Received Import Request.
  Time since last request: 11.600869 seconds.
  path: Assets/Scenes/Game
  artifactKey: Guid(14862f8eb34e88645b9d81f35262bf18) Importer(815301076,1909f56bfc062723c751e8b465ee728b)
Start importing Assets/Scenes/Game using Guid(14862f8eb34e88645b9d81f35262bf18) Importer(815301076,1909f56bfc062723c751e8b465ee728b)  -> (artifact id: 'f72274e5d9dcb4d7bbf910e853e59854') in 0.009172 seconds 
========================================================================
Received Import Request.
  Time since last request: 0.070509 seconds.
  path: Assets/Scenes/Game/Global Volume Profile.asset
  artifactKey: Guid(698db86dc13ad5e41a3e2b0fbf71ee27) Importer(815301076,1909f56bfc062723c751e8b465ee728b)
Start importing Assets/Scenes/Game/Global Volume Profile.asset using Guid(698db86dc13ad5e41a3e2b0fbf71ee27) Importer(815301076,1909f56bfc062723c751e8b465ee728b)  -> (artifact id: '2319a278806b6e4e001d9906a30894d0') in 0.014078 seconds 
========================================================================
Received Import Request.
  Time since last request: 6.957289 seconds.
  path: Assets/Audio/BlockBreak.wav
  artifactKey: Guid(390ec1bf0ff5890429c75c74927a784b) Importer(815301076,1909f56bfc062723c751e8b465ee728b)
Start importing Assets/Audio/BlockBreak.wav using Guid(390ec1bf0ff5890429c75c74927a784b) Importer(815301076,1909f56bfc062723c751e8b465ee728b)  -> (artifact id: '528badda3180ce2e1a735817f5b34c8e') in 0.076857 seconds 
========================================================================
Received Import Request.
  Time since last request: 0.000261 seconds.
  path: Assets/Audio/WallHit.wav
  artifactKey: Guid(8967664d203867140b1d700b977d0dee) Importer(815301076,1909f56bfc062723c751e8b465ee728b)
Start importing Assets/Audio/WallHit.wav using Guid(8967664d203867140b1d700b977d0dee) Importer(815301076,1909f56bfc062723c751e8b465ee728b)  -> (artifact id: '2b5b2872121805f2d6c9bf3913ee9ae8') in 0.016925 seconds 
========================================================================
Received Import Request.
  Time since last request: 0.000304 seconds.
  path: Assets/Audio/PaddleHit.wav
  artifactKey: Guid(bdb6de4b7a1bdff49a4b177f798c4ee5) Importer(815301076,1909f56bfc062723c751e8b465ee728b)
Start importing Assets/Audio/PaddleHit.wav using Guid(bdb6de4b7a1bdff49a4b177f798c4ee5) Importer(815301076,1909f56bfc062723c751e8b465ee728b)  -> (artifact id: '89dabbe6e7f5d2154f2e778d4b949d68') in 0.016205 seconds 
========================================================================
Received Import Request.
  Time since last request: 20.449742 seconds.
  path: Assets/ImportedStuff/Brackeys/2D Mega Pack/Effects/Explosion.png
  artifactKey: Guid(947c0cbf176869a45b7fd547776a2b0c) Importer(815301076,1909f56bfc062723c751e8b465ee728b)
Start importing Assets/ImportedStuff/Brackeys/2D Mega Pack/Effects/Explosion.png using Guid(947c0cbf176869a45b7fd547776a2b0c) Importer(815301076,1909f56bfc062723c751e8b465ee728b)  -> (artifact id: '2f283b73db6697a40657d245fab76da2') in 0.032282 seconds 
========================================================================
Received Import Request.
  Time since last request: 0.000302 seconds.
  path: Assets/ImportedStuff/Brackeys/2D Mega Pack/Effects/Muzzleflash3.png
  artifactKey: Guid(729dd7a288cc6af4cac0edf25f4af631) Importer(815301076,1909f56bfc062723c751e8b465ee728b)
Start importing Assets/ImportedStuff/Brackeys/2D Mega Pack/Effects/Muzzleflash3.png using Guid(729dd7a288cc6af4cac0edf25f4af631) Importer(815301076,1909f56bfc062723c751e8b465ee728b)  -> (artifact id: '2ddfbaaf0491bbae4ef667845cbaf6ec') in 0.019144 seconds 
========================================================================
Received Import Request.
  Time since last request: 0.000253 seconds.
  path: Assets/ImportedStuff/Brackeys/2D Mega Pack/Effects/Muzzleflash1.png
  artifactKey: Guid(537061d6ab4addf439f918145d65123e) Importer(815301076,1909f56bfc062723c751e8b465ee728b)
Start importing Assets/ImportedStuff/Brackeys/2D Mega Pack/Effects/Muzzleflash1.png using Guid(537061d6ab4addf439f918145d65123e) Importer(815301076,1909f56bfc062723c751e8b465ee728b)  -> (artifact id: 'a291eb30b54234ee971989b9cd059189') in 0.023707 seconds 
========================================================================
Received Import Request.
  Time since last request: 0.000255 seconds.
  path: Assets/ImportedStuff/Brackeys/2D Mega Pack/Effects/PixelParticle.png
  artifactKey: Guid(20cc7aa77cf0c554eaf57b9dfce35c24) Importer(815301076,1909f56bfc062723c751e8b465ee728b)
Start importing Assets/ImportedStuff/Brackeys/2D Mega Pack/Effects/PixelParticle.png using Guid(20cc7aa77cf0c554eaf57b9dfce35c24) Importer(815301076,1909f56bfc062723c751e8b465ee728b)  -> (artifact id: '02ff9d2ce6031add63b254921185117e') in 0.019791 seconds 
========================================================================
Received Import Request.
  Time since last request: 0.000235 seconds.
  path: Assets/ImportedStuff/Brackeys/2D Mega Pack/Effects/Muzzleflash2.png
  artifactKey: Guid(8dc86788c2b5b6f4c8c37280a947161a) Importer(815301076,1909f56bfc062723c751e8b465ee728b)
Start importing Assets/ImportedStuff/Brackeys/2D Mega Pack/Effects/Muzzleflash2.png using Guid(8dc86788c2b5b6f4c8c37280a947161a) Importer(815301076,1909f56bfc062723c751e8b465ee728b)  -> (artifact id: 'f904a541ebbd21bd0e82d07a59283890') in 0.018753 seconds 
========================================================================
Received Import Request.
  Time since last request: 5.886110 seconds.
  path: Assets/ImportedStuff/Brackeys/2D Mega Pack/Sounds/Bonus.wav
  artifactKey: Guid(5ab8fc664ca4d604f820e255005a664a) Importer(815301076,1909f56bfc062723c751e8b465ee728b)
Start importing Assets/ImportedStuff/Brackeys/2D Mega Pack/Sounds/Bonus.wav using Guid(5ab8fc664ca4d604f820e255005a664a) Importer(815301076,1909f56bfc062723c751e8b465ee728b)  -> (artifact id: '843bd9e8a75e44dfd5de1fb96790d3a7') in 0.021086 seconds 
========================================================================
Received Import Request.
  Time since last request: 0.000218 seconds.
  path: Assets/ImportedStuff/Brackeys/2D Mega Pack/Sounds/Click.wav
  artifactKey: Guid(24d73765699ce3e46bb23cabc3a46494) Importer(815301076,1909f56bfc062723c751e8b465ee728b)
Start importing Assets/ImportedStuff/Brackeys/2D Mega Pack/Sounds/Click.wav using Guid(24d73765699ce3e46bb23cabc3a46494) Importer(815301076,1909f56bfc062723c751e8b465ee728b)  -> (artifact id: 'e74f45070a4643f724a0970b64e416e8') in 0.053260 seconds 
========================================================================
Received Import Request.
  Time since last request: 0.000262 seconds.
  path: Assets/ImportedStuff/Brackeys/2D Mega Pack/Sounds/GruntVoice01.wav
  artifactKey: Guid(558f9f56f603a954b8d45e17e89341d9) Importer(815301076,1909f56bfc062723c751e8b465ee728b)
Start importing Assets/ImportedStuff/Brackeys/2D Mega Pack/Sounds/GruntVoice01.wav using Guid(558f9f56f603a954b8d45e17e89341d9) Importer(815301076,1909f56bfc062723c751e8b465ee728b)  -> (artifact id: 'a4c4c4d4af47d38ec6ba5dd9d7c067c5') in 0.051603 seconds 
========================================================================
Received Import Request.
  Time since last request: 0.000269 seconds.
  path: Assets/ImportedStuff/Brackeys/2D Mega Pack/Sounds/ButtonHover.wav
  artifactKey: Guid(e7992d172691ce147bde04a9ea103f2c) Importer(815301076,1909f56bfc062723c751e8b465ee728b)
Start importing Assets/ImportedStuff/Brackeys/2D Mega Pack/Sounds/ButtonHover.wav using Guid(e7992d172691ce147bde04a9ea103f2c) Importer(815301076,1909f56bfc062723c751e8b465ee728b)  -> (artifact id: '9a16aa2dc02dd7e85ab757dbdbe9fc65') in 0.065731 seconds 
========================================================================
Received Import Request.
  Time since last request: 0.000236 seconds.
  path: Assets/ImportedStuff/Brackeys/2D Mega Pack/Sounds/ButtonPress.wav
  artifactKey: Guid(00b18e15346f38a4e8535ac98e4ac9ee) Importer(815301076,1909f56bfc062723c751e8b465ee728b)
Start importing Assets/ImportedStuff/Brackeys/2D Mega Pack/Sounds/ButtonPress.wav using Guid(00b18e15346f38a4e8535ac98e4ac9ee) Importer(815301076,1909f56bfc062723c751e8b465ee728b)  -> (artifact id: '717d5a7f76d6a83a07a0e93522f1b138') in 0.056445 seconds 
========================================================================
Received Import Request.
  Time since last request: 0.000240 seconds.
  path: Assets/ImportedStuff/Brackeys/2D Mega Pack/Sounds/LandingFootsteps.wav
  artifactKey: Guid(a35ec44331d4b514cabf31e928f058b5) Importer(815301076,1909f56bfc062723c751e8b465ee728b)
Start importing Assets/ImportedStuff/Brackeys/2D Mega Pack/Sounds/LandingFootsteps.wav using Guid(a35ec44331d4b514cabf31e928f058b5) Importer(815301076,1909f56bfc062723c751e8b465ee728b)  -> (artifact id: '04ad1a26547567cb9becb520102ae352') in 0.020563 seconds 
========================================================================
Received Import Request.
  Time since last request: 0.000254 seconds.
  path: Assets/ImportedStuff/Brackeys/2D Mega Pack/Sounds/Spawn.wav
  artifactKey: Guid(c134bf6bd85561b4b938c913b97b57c9) Importer(815301076,1909f56bfc062723c751e8b465ee728b)
Start importing Assets/ImportedStuff/Brackeys/2D Mega Pack/Sounds/Spawn.wav using Guid(c134bf6bd85561b4b938c913b97b57c9) Importer(815301076,1909f56bfc062723c751e8b465ee728b)  -> (artifact id: 'e353407be6d0a67488b34301d5a15589') in 0.016777 seconds 
========================================================================
Received Import Request.
  Time since last request: 0.000260 seconds.
  path: Assets/ImportedStuff/Brackeys/2D Mega Pack/Sounds/Shot.wav
  artifactKey: Guid(26e19616f6ba9f6469e9d3d6c38b23fe) Importer(815301076,1909f56bfc062723c751e8b465ee728b)
Start importing Assets/ImportedStuff/Brackeys/2D Mega Pack/Sounds/Shot.wav using Guid(26e19616f6ba9f6469e9d3d6c38b23fe) Importer(815301076,1909f56bfc062723c751e8b465ee728b)  -> (artifact id: '52ed22f640e4db9ee8ef2914aee2a783') in 0.022363 seconds 
========================================================================
Received Import Request.
  Time since last request: 0.000278 seconds.
  path: Assets/ImportedStuff/Brackeys/2D Mega Pack/Sounds/RespawnCountdown.wav
  artifactKey: Guid(33469e3f01006ba44bdcfb56b0e3e0b3) Importer(815301076,1909f56bfc062723c751e8b465ee728b)
Start importing Assets/ImportedStuff/Brackeys/2D Mega Pack/Sounds/RespawnCountdown.wav using Guid(33469e3f01006ba44bdcfb56b0e3e0b3) Importer(815301076,1909f56bfc062723c751e8b465ee728b)  -> (artifact id: 'd2f2478b0de0a4a0301713a9fb6b7c1b') in 0.021157 seconds 
========================================================================
Received Import Request.
  Time since last request: 0.000269 seconds.
  path: Assets/ImportedStuff/Brackeys/2D Mega Pack/Sounds/Hit.wav
  artifactKey: Guid(87e2452fe2c754248926c9a9ab93a467) Importer(815301076,1909f56bfc062723c751e8b465ee728b)
Start importing Assets/ImportedStuff/Brackeys/2D Mega Pack/Sounds/Hit.wav using Guid(87e2452fe2c754248926c9a9ab93a467) Importer(815301076,1909f56bfc062723c751e8b465ee728b)  -> (artifact id: '1f92b74c7e7c42c05e39be4b085164cf') in 0.021283 seconds 
========================================================================
Received Import Request.
  Time since last request: 0.000330 seconds.
  path: Assets/ImportedStuff/Brackeys/2D Mega Pack/Sounds/Whoosh.wav
  artifactKey: Guid(2ebf2421dddc15a45b7fc6ae8197b1c0) Importer(815301076,1909f56bfc062723c751e8b465ee728b)
Start importing Assets/ImportedStuff/Brackeys/2D Mega Pack/Sounds/Whoosh.wav using Guid(2ebf2421dddc15a45b7fc6ae8197b1c0) Importer(815301076,1909f56bfc062723c751e8b465ee728b)  -> (artifact id: 'c4673f6d3568dda9b2dded872f6faa1c') in 0.022298 seconds 
========================================================================
Received Import Request.
  Time since last request: 0.000282 seconds.
  path: Assets/ImportedStuff/Brackeys/2D Mega Pack/Sounds/GruntVoice02.wav
  artifactKey: Guid(2b6e306f144fd2047ad36490140f8b85) Importer(815301076,1909f56bfc062723c751e8b465ee728b)
Start importing Assets/ImportedStuff/Brackeys/2D Mega Pack/Sounds/GruntVoice02.wav using Guid(2b6e306f144fd2047ad36490140f8b85) Importer(815301076,1909f56bfc062723c751e8b465ee728b)  -> (artifact id: '18c92140ddbfb18b6e9b94607b1bfef1') in 0.024712 seconds 
========================================================================
Received Import Request.
  Time since last request: 0.000280 seconds.
  path: Assets/ImportedStuff/Brackeys/2D Mega Pack/Sounds/GameOver.wav
  artifactKey: Guid(832aa39d4fbe053428a67083bb091a1a) Importer(815301076,1909f56bfc062723c751e8b465ee728b)
Start importing Assets/ImportedStuff/Brackeys/2D Mega Pack/Sounds/GameOver.wav using Guid(832aa39d4fbe053428a67083bb091a1a) Importer(815301076,1909f56bfc062723c751e8b465ee728b)  -> (artifact id: '8f015e400523028e7bdc80415f971045') in 0.049121 seconds 
========================================================================
Received Import Request.
  Time since last request: 0.000276 seconds.
  path: Assets/ImportedStuff/Brackeys/2D Mega Pack/Sounds/DeathVoice.wav
  artifactKey: Guid(bd8857660a16ba549b8cc522d93d9117) Importer(815301076,1909f56bfc062723c751e8b465ee728b)
Start importing Assets/ImportedStuff/Brackeys/2D Mega Pack/Sounds/DeathVoice.wav using Guid(bd8857660a16ba549b8cc522d93d9117) Importer(815301076,1909f56bfc062723c751e8b465ee728b)  -> (artifact id: 'aac8b30bfcbcb04a8cf29d4df92b2f15') in 0.047158 seconds 
========================================================================
Received Import Request.
  Time since last request: 0.000268 seconds.
  path: Assets/ImportedStuff/Brackeys/2D Mega Pack/Sounds/Explosion.wav
  artifactKey: Guid(d1698dd553af8ef4d887bc83b9687173) Importer(815301076,1909f56bfc062723c751e8b465ee728b)
Start importing Assets/ImportedStuff/Brackeys/2D Mega Pack/Sounds/Explosion.wav using Guid(d1698dd553af8ef4d887bc83b9687173) Importer(815301076,1909f56bfc062723c751e8b465ee728b)  -> (artifact id: 'beccf61ab669b7f21f1aeec9cfbc8b0b') in 0.021251 seconds 
========================================================================
Received Prepare
Registering precompiled user dll's ...
Registered in 0.008506 seconds.
Begin MonoManager ReloadAssembly
Symbol file LoadedFromMemory doesn't match image E:\UNITY\Project\2d Breakout Exercise\Library\PackageCache\com.unity.collab-proxy@1.15.15\Lib\Editor\PlasticSCM\unityplastic.dll
Native extension for WindowsStandalone target not found
Refreshing native plugins compatible for Editor in 0.80 ms, found 3 plugins.
Preloading 0 native plugins for Editor in 0.00 ms.
Mono: successfully reloaded assembly
- Completed reload, in  1.636 seconds
Domain Reload Profiling:
	ReloadAssembly (1637ms)
		BeginReloadAssembly (224ms)
			ExecutionOrderSort (0ms)
			DisableScriptedObjects (12ms)
			BackupInstance (0ms)
			ReleaseScriptingObjects (0ms)
			CreateAndSetChildDomain (50ms)
		EndReloadAssembly (1304ms)
			LoadAssemblies (190ms)
			RebuildTransferFunctionScriptingTraits (0ms)
			SetupTypeCache (410ms)
			ReleaseScriptCaches (2ms)
			RebuildScriptCaches (60ms)
			SetupLoadedEditorAssemblies (475ms)
				LogAssemblyErrors (0ms)
				InitializePlatformSupportModulesInManaged (5ms)
				SetLoadedEditorAssemblies (1ms)
				RefreshPlugins (1ms)
				BeforeProcessingInitializeOnLoad (166ms)
				ProcessInitializeOnLoadAttributes (266ms)
				ProcessInitializeOnLoadMethodAttributes (17ms)
				AfterProcessingInitializeOnLoad (19ms)
				EditorAssembliesLoaded (0ms)
			ExecutionOrderSort2 (0ms)
			AwakeInstancesAfterBackupRestoration (25ms)
Platform modules already initialized, skipping
Refreshing native plugins compatible for Editor in 0.81 ms, found 3 plugins.
Preloading 0 native plugins for Editor in 0.00 ms.
Unloading 3247 Unused Serialized files (Serialized files now loaded: 0)
System memory in use before: 145.2 MB.
System memory in use after: 145.4 MB.

Unloading 18 unused Assets to reduce memory usage. Loaded Objects now: 3898.
Total: 5.175100 ms (FindLiveObjects: 0.337300 ms CreateObjectMapping: 0.101200 ms MarkObjects: 4.601300 ms  DeleteObjects: 0.133400 ms)

AssetImportParameters requested are different than current active one (requested -> active):
  custom:framework-win-MediaFoundation: 216162199b28c13a410421893ffa2e32 -> 
  custom:video-decoder-ogg-theora: a1e56fd34408186e4bbccfd4996cb3dc -> 
  custom:container-muxer-webm: aa71ff27fc2769a1b78a27578f13a17b -> 
  custom:container-demuxer-webm: 4f35f7cbe854078d1ac9338744f61a02 -> 
  custom:container-demuxer-ogg: 62fdf1f143b41e24485cea50d1cbac27 -> 
  custom:video-encoder-webm-vp8: eb34c28f22e8b96e1ab97ce403110664 -> 
  custom:video-decoder-webm-vp8: 9c59270c3fd7afecdb556c50c9e8de78 -> 
  custom:audio-decoder-ogg-vorbis: bf7c407c2cedff20999df2af8eb42d56 -> 
  custom:audio-encoder-webm-vorbis: bf7c407c2cedff20999df2af8eb42d56 -> 
AssetImportWorkerClient::OnTransportError - code=2 error=End of file
